2020-04-18 08:56:18.558 [ERROR] [main] com.javalearning.log4j_demo.MainDemo: - bad thing|
java.lang.Exception: do bad thing
	at com.javalearning.log4j_demo.MainDemo.doBadThing(MainDemo.java:27) [classes/:?]
	at com.javalearning.log4j_demo.MainDemo.main(MainDemo.java:41) [classes/:?]
2020-04-18 08:56:18.558 [INFO ] [main] com.javalearning.log4j_demo.MainDemo: - Message is: Cole: 184|
2020-04-18 08:56:18.558 [INFO ] [main] com.javalearning.log4j_demo.MainDemo: - New message is: Hello Cole: 184|
2020-04-18 08:56:18.558 [ERROR] [main] com.javalearning.log4j_demo.MainDemo: - bad thing|
java.lang.Exception: do bad thing
	at com.javalearning.log4j_demo.MainDemo.doBadThing(MainDemo.java:27) [classes/:?]
	at com.javalearning.log4j_demo.MainDemo.main(MainDemo.java:41) [classes/:?]
2020-04-18 08:56:18.558 [INFO ] [main] com.javalearning.log4j_demo.MainDemo: - Message is: Cole: 185|
2020-04-18 08:56:18.558 [INFO ] [main] com.javalearning.log4j_demo.MainDemo: - New message is: Hello Cole: 185|
2020-04-18 08:56:18.558 [ERROR] [main] com.javalearning.log4j_demo.MainDemo: - bad thing|
java.lang.Exception: do bad thing
	at com.javalearning.log4j_demo.MainDemo.doBadThing(MainDemo.java:27) [classes/:?]
	at com.javalearning.log4j_demo.MainDemo.main(MainDemo.java:41) [classes/:?]
2020-04-18 08:56:18.558 [INFO ] [main] com.javalearning.log4j_demo.MainDemo: - Message is: Cole: 186|
2020-04-18 08:56:18.558 [INFO ] [main] com.javalearning.log4j_demo.MainDemo: - New message is: Hello Cole: 186|
2020-04-18 08:56:18.558 [ERROR] [main] com.javalearning.log4j_demo.MainDemo: - bad thing|
java.lang.Exception: do bad thing
	at com.javalearning.log4j_demo.MainDemo.doBadThing(MainDemo.java:27) [classes/:?]
	at com.javalearning.log4j_demo.MainDemo.main(MainDemo.java:41) [classes/:?]
2020-04-18 08:56:18.558 [INFO ] [main] com.javalearning.log4j_demo.MainDemo: - Message is: Cole: 187|
2020-04-18 08:56:18.558 [INFO ] [main] com.javalearning.log4j_demo.MainDemo: - New message is: Hello Cole: 187|
2020-04-18 08:56:18.558 [ERROR] [main] com.javalearning.log4j_demo.MainDemo: - bad thing|
java.lang.Exception: do bad thing
	at com.javalearning.log4j_demo.MainDemo.doBadThing(MainDemo.java:27) [classes/:?]
	at com.javalearning.log4j_demo.MainDemo.main(MainDemo.java:41) [classes/:?]
2020-04-18 08:56:18.558 [INFO ] [main] com.javalearning.log4j_demo.MainDemo: - Message is: Cole: 188|
2020-04-18 08:56:18.558 [INFO ] [main] com.javalearning.log4j_demo.MainDemo: - New message is: Hello Cole: 188|
2020-04-18 08:56:18.558 [ERROR] [main] com.javalearning.log4j_demo.MainDemo: - bad thing|
java.lang.Exception: do bad thing
	at com.javalearning.log4j_demo.MainDemo.doBadThing(MainDemo.java:27) [classes/:?]
	at com.javalearning.log4j_demo.MainDemo.main(MainDemo.java:41) [classes/:?]
2020-04-18 08:56:18.558 [INFO ] [main] com.javalearning.log4j_demo.MainDemo: - Message is: Cole: 189|
2020-04-18 08:56:18.558 [INFO ] [main] com.javalearning.log4j_demo.MainDemo: - New message is: Hello Cole: 189|
2020-04-18 08:56:18.558 [ERROR] [main] com.javalearning.log4j_demo.MainDemo: - bad thing|
java.lang.Exception: do bad thing
	at com.javalearning.log4j_demo.MainDemo.doBadThing(MainDemo.java:27) [classes/:?]
	at com.javalearning.log4j_demo.MainDemo.main(MainDemo.java:41) [classes/:?]
