2020-04-18 08:56:18.556 [INFO ] [main] com.javalearning.log4j_demo.MainDemo: - Message is: Cole: 171|
2020-04-18 08:56:18.556 [INFO ] [main] com.javalearning.log4j_demo.MainDemo: - New message is: Hello Cole: 171|
2020-04-18 08:56:18.556 [ERROR] [main] com.javalearning.log4j_demo.MainDemo: - bad thing|
java.lang.Exception: do bad thing
	at com.javalearning.log4j_demo.MainDemo.doBadThing(MainDemo.java:27) [classes/:?]
	at com.javalearning.log4j_demo.MainDemo.main(MainDemo.java:41) [classes/:?]
2020-04-18 08:56:18.556 [INFO ] [main] com.javalearning.log4j_demo.MainDemo: - Message is: Cole: 172|
2020-04-18 08:56:18.556 [INFO ] [main] com.javalearning.log4j_demo.MainDemo: - New message is: Hello Cole: 172|
2020-04-18 08:56:18.557 [ERROR] [main] com.javalearning.log4j_demo.MainDemo: - bad thing|
java.lang.Exception: do bad thing
	at com.javalearning.log4j_demo.MainDemo.doBadThing(MainDemo.java:27) [classes/:?]
	at com.javalearning.log4j_demo.MainDemo.main(MainDemo.java:41) [classes/:?]
2020-04-18 08:56:18.557 [INFO ] [main] com.javalearning.log4j_demo.MainDemo: - Message is: Cole: 173|
2020-04-18 08:56:18.557 [INFO ] [main] com.javalearning.log4j_demo.MainDemo: - New message is: Hello Cole: 173|
2020-04-18 08:56:18.557 [ERROR] [main] com.javalearning.log4j_demo.MainDemo: - bad thing|
java.lang.Exception: do bad thing
	at com.javalearning.log4j_demo.MainDemo.doBadThing(MainDemo.java:27) [classes/:?]
	at com.javalearning.log4j_demo.MainDemo.main(MainDemo.java:41) [classes/:?]
2020-04-18 08:56:18.557 [INFO ] [main] com.javalearning.log4j_demo.MainDemo: - Message is: Cole: 174|
2020-04-18 08:56:18.557 [INFO ] [main] com.javalearning.log4j_demo.MainDemo: - New message is: Hello Cole: 174|
2020-04-18 08:56:18.557 [ERROR] [main] com.javalearning.log4j_demo.MainDemo: - bad thing|
java.lang.Exception: do bad thing
	at com.javalearning.log4j_demo.MainDemo.doBadThing(MainDemo.java:27) [classes/:?]
	at com.javalearning.log4j_demo.MainDemo.main(MainDemo.java:41) [classes/:?]
2020-04-18 08:56:18.557 [INFO ] [main] com.javalearning.log4j_demo.MainDemo: - Message is: Cole: 175|
2020-04-18 08:56:18.557 [INFO ] [main] com.javalearning.log4j_demo.MainDemo: - New message is: Hello Cole: 175|
2020-04-18 08:56:18.557 [ERROR] [main] com.javalearning.log4j_demo.MainDemo: - bad thing|
java.lang.Exception: do bad thing
	at com.javalearning.log4j_demo.MainDemo.doBadThing(MainDemo.java:27) [classes/:?]
	at com.javalearning.log4j_demo.MainDemo.main(MainDemo.java:41) [classes/:?]
2020-04-18 08:56:18.557 [INFO ] [main] com.javalearning.log4j_demo.MainDemo: - Message is: Cole: 176|
2020-04-18 08:56:18.557 [INFO ] [main] com.javalearning.log4j_demo.MainDemo: - New message is: Hello Cole: 176|
2020-04-18 08:56:18.557 [ERROR] [main] com.javalearning.log4j_demo.MainDemo: - bad thing|
java.lang.Exception: do bad thing
	at com.javalearning.log4j_demo.MainDemo.doBadThing(MainDemo.java:27) [classes/:?]
	at com.javalearning.log4j_demo.MainDemo.main(MainDemo.java:41) [classes/:?]
2020-04-18 08:56:18.557 [INFO ] [main] com.javalearning.log4j_demo.MainDemo: - Message is: Cole: 177|
