2020-04-18 08:56:18.557 [INFO ] [main] com.javalearning.log4j_demo.MainDemo: - New message is: Hello Cole: 177|
2020-04-18 08:56:18.557 [ERROR] [main] com.javalearning.log4j_demo.MainDemo: - bad thing|
java.lang.Exception: do bad thing
	at com.javalearning.log4j_demo.MainDemo.doBadThing(MainDemo.java:27) [classes/:?]
	at com.javalearning.log4j_demo.MainDemo.main(MainDemo.java:41) [classes/:?]
2020-04-18 08:56:18.557 [INFO ] [main] com.javalearning.log4j_demo.MainDemo: - Message is: Cole: 178|
2020-04-18 08:56:18.557 [INFO ] [main] com.javalearning.log4j_demo.MainDemo: - New message is: Hello Cole: 178|
2020-04-18 08:56:18.557 [ERROR] [main] com.javalearning.log4j_demo.MainDemo: - bad thing|
java.lang.Exception: do bad thing
	at com.javalearning.log4j_demo.MainDemo.doBadThing(MainDemo.java:27) [classes/:?]
	at com.javalearning.log4j_demo.MainDemo.main(MainDemo.java:41) [classes/:?]
2020-04-18 08:56:18.557 [INFO ] [main] com.javalearning.log4j_demo.MainDemo: - Message is: Cole: 179|
2020-04-18 08:56:18.557 [INFO ] [main] com.javalearning.log4j_demo.MainDemo: - New message is: Hello Cole: 179|
2020-04-18 08:56:18.557 [ERROR] [main] com.javalearning.log4j_demo.MainDemo: - bad thing|
java.lang.Exception: do bad thing
	at com.javalearning.log4j_demo.MainDemo.doBadThing(MainDemo.java:27) [classes/:?]
	at com.javalearning.log4j_demo.MainDemo.main(MainDemo.java:41) [classes/:?]
2020-04-18 08:56:18.557 [INFO ] [main] com.javalearning.log4j_demo.MainDemo: - Message is: Cole: 180|
2020-04-18 08:56:18.557 [INFO ] [main] com.javalearning.log4j_demo.MainDemo: - New message is: Hello Cole: 180|
2020-04-18 08:56:18.557 [ERROR] [main] com.javalearning.log4j_demo.MainDemo: - bad thing|
java.lang.Exception: do bad thing
	at com.javalearning.log4j_demo.MainDemo.doBadThing(MainDemo.java:27) [classes/:?]
	at com.javalearning.log4j_demo.MainDemo.main(MainDemo.java:41) [classes/:?]
2020-04-18 08:56:18.557 [INFO ] [main] com.javalearning.log4j_demo.MainDemo: - Message is: Cole: 181|
2020-04-18 08:56:18.557 [INFO ] [main] com.javalearning.log4j_demo.MainDemo: - New message is: Hello Cole: 181|
2020-04-18 08:56:18.557 [ERROR] [main] com.javalearning.log4j_demo.MainDemo: - bad thing|
java.lang.Exception: do bad thing
	at com.javalearning.log4j_demo.MainDemo.doBadThing(MainDemo.java:27) [classes/:?]
	at com.javalearning.log4j_demo.MainDemo.main(MainDemo.java:41) [classes/:?]
2020-04-18 08:56:18.558 [INFO ] [main] com.javalearning.log4j_demo.MainDemo: - Message is: Cole: 182|
2020-04-18 08:56:18.558 [INFO ] [main] com.javalearning.log4j_demo.MainDemo: - New message is: Hello Cole: 182|
2020-04-18 08:56:18.558 [ERROR] [main] com.javalearning.log4j_demo.MainDemo: - bad thing|
java.lang.Exception: do bad thing
	at com.javalearning.log4j_demo.MainDemo.doBadThing(MainDemo.java:27) [classes/:?]
	at com.javalearning.log4j_demo.MainDemo.main(MainDemo.java:41) [classes/:?]
2020-04-18 08:56:18.558 [INFO ] [main] com.javalearning.log4j_demo.MainDemo: - Message is: Cole: 183|
2020-04-18 08:56:18.558 [INFO ] [main] com.javalearning.log4j_demo.MainDemo: - New message is: Hello Cole: 183|
