2020-04-18 08:56:18.555 [ERROR] [main] com.javalearning.log4j_demo.MainDemo: - bad thing|
java.lang.Exception: do bad thing
	at com.javalearning.log4j_demo.MainDemo.doBadThing(MainDemo.java:27) [classes/:?]
	at com.javalearning.log4j_demo.MainDemo.main(MainDemo.java:41) [classes/:?]
2020-04-18 08:56:18.555 [INFO ] [main] com.javalearning.log4j_demo.MainDemo: - Message is: Cole: 165|
2020-04-18 08:56:18.555 [INFO ] [main] com.javalearning.log4j_demo.MainDemo: - New message is: Hello Cole: 165|
2020-04-18 08:56:18.555 [ERROR] [main] com.javalearning.log4j_demo.MainDemo: - bad thing|
java.lang.Exception: do bad thing
	at com.javalearning.log4j_demo.MainDemo.doBadThing(MainDemo.java:27) [classes/:?]
	at com.javalearning.log4j_demo.MainDemo.main(MainDemo.java:41) [classes/:?]
2020-04-18 08:56:18.555 [INFO ] [main] com.javalearning.log4j_demo.MainDemo: - Message is: Cole: 166|
2020-04-18 08:56:18.555 [INFO ] [main] com.javalearning.log4j_demo.MainDemo: - New message is: Hello Cole: 166|
2020-04-18 08:56:18.555 [ERROR] [main] com.javalearning.log4j_demo.MainDemo: - bad thing|
java.lang.Exception: do bad thing
	at com.javalearning.log4j_demo.MainDemo.doBadThing(MainDemo.java:27) [classes/:?]
	at com.javalearning.log4j_demo.MainDemo.main(MainDemo.java:41) [classes/:?]
2020-04-18 08:56:18.555 [INFO ] [main] com.javalearning.log4j_demo.MainDemo: - Message is: Cole: 167|
2020-04-18 08:56:18.556 [INFO ] [main] com.javalearning.log4j_demo.MainDemo: - New message is: Hello Cole: 167|
2020-04-18 08:56:18.556 [ERROR] [main] com.javalearning.log4j_demo.MainDemo: - bad thing|
java.lang.Exception: do bad thing
	at com.javalearning.log4j_demo.MainDemo.doBadThing(MainDemo.java:27) [classes/:?]
	at com.javalearning.log4j_demo.MainDemo.main(MainDemo.java:41) [classes/:?]
2020-04-18 08:56:18.556 [INFO ] [main] com.javalearning.log4j_demo.MainDemo: - Message is: Cole: 168|
2020-04-18 08:56:18.556 [INFO ] [main] com.javalearning.log4j_demo.MainDemo: - New message is: Hello Cole: 168|
2020-04-18 08:56:18.556 [ERROR] [main] com.javalearning.log4j_demo.MainDemo: - bad thing|
java.lang.Exception: do bad thing
	at com.javalearning.log4j_demo.MainDemo.doBadThing(MainDemo.java:27) [classes/:?]
	at com.javalearning.log4j_demo.MainDemo.main(MainDemo.java:41) [classes/:?]
2020-04-18 08:56:18.556 [INFO ] [main] com.javalearning.log4j_demo.MainDemo: - Message is: Cole: 169|
2020-04-18 08:56:18.556 [INFO ] [main] com.javalearning.log4j_demo.MainDemo: - New message is: Hello Cole: 169|
2020-04-18 08:56:18.556 [ERROR] [main] com.javalearning.log4j_demo.MainDemo: - bad thing|
java.lang.Exception: do bad thing
	at com.javalearning.log4j_demo.MainDemo.doBadThing(MainDemo.java:27) [classes/:?]
	at com.javalearning.log4j_demo.MainDemo.main(MainDemo.java:41) [classes/:?]
2020-04-18 08:56:18.556 [INFO ] [main] com.javalearning.log4j_demo.MainDemo: - Message is: Cole: 170|
2020-04-18 08:56:18.556 [INFO ] [main] com.javalearning.log4j_demo.MainDemo: - New message is: Hello Cole: 170|
2020-04-18 08:56:18.556 [ERROR] [main] com.javalearning.log4j_demo.MainDemo: - bad thing|
java.lang.Exception: do bad thing
	at com.javalearning.log4j_demo.MainDemo.doBadThing(MainDemo.java:27) [classes/:?]
	at com.javalearning.log4j_demo.MainDemo.main(MainDemo.java:41) [classes/:?]
