2020-04-18 08:56:18.559 [INFO ] [main] com.javalearning.log4j_demo.MainDemo: - New message is: Hello Cole: 196|
2020-04-18 08:56:18.559 [ERROR] [main] com.javalearning.log4j_demo.MainDemo: - bad thing|
java.lang.Exception: do bad thing
	at com.javalearning.log4j_demo.MainDemo.doBadThing(MainDemo.java:27) [classes/:?]
	at com.javalearning.log4j_demo.MainDemo.main(MainDemo.java:41) [classes/:?]
2020-04-18 08:56:18.559 [INFO ] [main] com.javalearning.log4j_demo.MainDemo: - Message is: Cole: 197|
2020-04-18 08:56:18.559 [INFO ] [main] com.javalearning.log4j_demo.MainDemo: - New message is: Hello Cole: 197|
2020-04-18 08:56:18.559 [ERROR] [main] com.javalearning.log4j_demo.MainDemo: - bad thing|
java.lang.Exception: do bad thing
	at com.javalearning.log4j_demo.MainDemo.doBadThing(MainDemo.java:27) [classes/:?]
	at com.javalearning.log4j_demo.MainDemo.main(MainDemo.java:41) [classes/:?]
2020-04-18 08:56:18.559 [INFO ] [main] com.javalearning.log4j_demo.MainDemo: - Message is: Cole: 198|
2020-04-18 08:56:18.559 [INFO ] [main] com.javalearning.log4j_demo.MainDemo: - New message is: Hello Cole: 198|
2020-04-18 08:56:18.559 [ERROR] [main] com.javalearning.log4j_demo.MainDemo: - bad thing|
java.lang.Exception: do bad thing
	at com.javalearning.log4j_demo.MainDemo.doBadThing(MainDemo.java:27) [classes/:?]
	at com.javalearning.log4j_demo.MainDemo.main(MainDemo.java:41) [classes/:?]
2020-04-18 08:56:18.560 [INFO ] [main] com.javalearning.log4j_demo.MainDemo: - Message is: Cole: 199|
2020-04-18 08:56:18.560 [INFO ] [main] com.javalearning.log4j_demo.MainDemo: - New message is: Hello Cole: 199|
2020-04-18 08:56:18.560 [ERROR] [main] com.javalearning.log4j_demo.MainDemo: - bad thing|
java.lang.Exception: do bad thing
	at com.javalearning.log4j_demo.MainDemo.doBadThing(MainDemo.java:27) [classes/:?]
	at com.javalearning.log4j_demo.MainDemo.main(MainDemo.java:41) [classes/:?]
